<?xml version="1.0" encoding="UTF-8"?>
<!-- Generated by org.testng.reporters.JUnitReportReporter -->
<testsuite skipped="0" hostname="JiniSamuel" name="dressesPageTest.testdressesPage" tests="3" failures="0" timestamp="11 Nov 2018 04:18:11 GMT" time="15.338" errors="0">
  <testcase name="verifydressesaddedtoCart" time="6.379" classname="dressesPageTest.testdressesPage"/>
  <testcase name="pagenavigateAndDressesSize" time="7.052" classname="dressesPageTest.testdressesPage"/>
  <testcase name="verifydressesCount" time="1.907" classname="dressesPageTest.testdressesPage"/>
</testsuite> <!-- dressesPageTest.testdressesPage -->
