<?xml version="1.0" encoding="UTF-8"?>
<!-- Generated by org.testng.reporters.JUnitReportReporter -->
<testsuite skipped="0" hostname="JiniSamuel" name="homePageTest.testhomePage" tests="4" failures="0" timestamp="11 Nov 2018 04:17:00 GMT" time="17.919" errors="0">
  <testcase name="verifytabs" time="0.190" classname="homePageTest.testhomePage"/>
  <testcase name="newsletter" time="3.072" classname="homePageTest.testhomePage"/>
  <testcase name="pagenavigate" time="10.390" classname="homePageTest.testhomePage"/>
  <testcase name="addtoCart" time="4.267" classname="homePageTest.testhomePage"/>
</testsuite> <!-- homePageTest.testhomePage -->
